<?xml version="1.0" encoding="UTF-8"?>
<!-- Generated by org.testng.reporters.JUnitReportReporter -->
<testsuite hostname="IBM-PF3DZ8GN" failures="0" tests="6" name="api.tests.Providers" time="13.751" errors="0" timestamp="2023-03-17T11:31:51 IST" skipped="0">
  <testcase classname="api.tests.Providers" name="post" time="1.586"/>
  <system-out/>
  <testcase classname="api.tests.Providers" name="post" time="1.565"/>
  <system-out/>
  <testcase classname="api.tests.Providers" name="post" time="4.235"/>
  <system-out/>
  <testcase classname="api.tests.Providers" name="get" time="1.618"/>
  <system-out/>
  <testcase classname="api.tests.Providers" name="get" time="1.887"/>
  <system-out/>
  <testcase classname="api.tests.Providers" name="get" time="2.860"/>
  <system-out/>
</testsuite> <!-- api.tests.Providers -->
