<?xml version="1.0" encoding="UTF-8"?>
<!-- Generated by org.testng.reporters.JUnitReportReporter -->
<testsuite hostname="IBM-PF3DZ8GN" failures="0" tests="2" name="api.tests.UserTests" time="5.304" errors="0" timestamp="2023-03-17T12:40:23 IST" skipped="0">
  <testcase classname="api.tests.UserTests" name="testPostUser" time="3.715"/>
  <system-out/>
  <testcase classname="api.tests.UserTests" name="testGetUser" time="1.589"/>
  <system-out/>
</testsuite> <!-- api.tests.UserTests -->
