<?xml version="1.0" encoding="UTF-8"?>
<!-- Generated by org.testng.reporters.JUnitReportReporter -->
<testsuite hostname="IBM-PF3DZ8GN" failures="0" tests="1" name="api.tests.UserTests1" time="3.909" errors="0" timestamp="16 Mar 2023 06:43:33 GMT" skipped="0">
  <testcase classname="api.tests.UserTests1" name="testPostUser" time="3.909"/>
</testsuite> <!-- api.tests.UserTests1 -->
