<?xml version="1.0" encoding="UTF-8"?>
<!-- Generated by org.testng.reporters.JUnitReportReporter -->
<testsuite hostname="IBM-PF3DZ8GN" failures="0" tests="2" name="api.tests.UserTests" time="5.775" errors="0" timestamp="17 Mar 2023 11:04:46 GMT" skipped="0">
  <testcase classname="api.tests.UserTests" name="testPostUser" time="4.049"/>
  <testcase classname="api.tests.UserTests" name="testGetUser" time="1.726"/>
</testsuite> <!-- api.tests.UserTests -->
